<?xml version="1.0" encoding="UTF-8"?>
<!-- Generated by org.testng.reporters.JUnitXMLReporter -->
<testsuite ignored="0" hostname="Confluxsyss-Mac-mini.local" failures="0" tests="12" name="/Users/ishasethia/IdeaProjects/TestNG" time="0.288" errors="0" timestamp="2022-07-12T11:34:16 IST">
  <testcase classname="TestCase" name="test1" time="0.012"/>
  <testcase classname="TestCase" name="test2" time="0.003"/>
  <testcase classname="TestCase" name="test3" time="0.004"/>
  <testcase classname="TestCase" name="test4" time="0.001"/>
  <testcase classname="TestCase" name="test5" time="0.003"/>
  <testcase classname="TestCase" name="test6" time="0.006"/>
  <testcase classname="TestCaseI" name="test" time="0.006"/>
  <testcase classname="TestCaseI" name="testing" time="0.002"/>
  <testcase classname="TestCaseI" name="tester" time="0.013"/>
  <testcase classname="TestCaseI" name="tested" time="0.013"/>
  <testcase classname="TestCaseII" name="news" time="0.001"/>
  <testcase classname="TestCaseII" name="start" time="0.001"/>
</testsuite> <!-- /Users/ishasethia/IdeaProjects/TestNG -->
