<?xml version="1.0" encoding="UTF-8"?>
<!-- Generated by org.testng.reporters.JUnitXMLReporter -->
<testsuite ignored="0" hostname="Confluxsyss-Mac-mini.local" failures="0" tests="4" name="Annotations" time="0.108" errors="0" timestamp="2022-07-12T12:31:55 IST">
  <testcase classname="TestCaseII" name="start" time="0.002"/>
  <testcase classname="TestCaseII" name="news" time="0.001"/>
  <testcase classname="TlinkedWithTestCaseII" name="Try" time="0.009"/>
  <testcase classname="TlinkedWithTestCaseII" name="AgainTry" time="0.003"/>
</testsuite> <!-- Annotations -->
