<?xml version="1.0" encoding="UTF-8"?>
<testng-results ignored="0" total="4" passed="4" failed="0" skipped="0">
  <reporter-output>
  </reporter-output>
  <suite started-at="2022-07-12T12:31:55 IST" name="All Test Suite" finished-at="2022-07-12T12:31:55 IST" duration-ms="108">
    <groups>
    </groups>
    <test started-at="2022-07-12T12:31:55 IST" name="Annotations" finished-at="2022-07-12T12:31:55 IST" duration-ms="108">
      <class name="TlinkedWithTestCaseII">
        <test-method is-config="true" signature="beforeSuit()[pri:0, instance:TlinkedWithTestCaseII@120d6fe6]" started-at="2022-07-12T12:31:55 IST" name="beforeSuit" finished-at="2022-07-12T12:31:55 IST" duration-ms="17" status="PASS">
          <reporter-output>
          </reporter-output>
        </test-method> <!-- beforeSuit -->
        <test-method is-config="true" signature="beforeTest()[pri:0, instance:TlinkedWithTestCaseII@120d6fe6]" started-at="2022-07-12T12:31:55 IST" name="beforeTest" finished-at="2022-07-12T12:31:55 IST" duration-ms="1" status="PASS">
          <reporter-output>
          </reporter-output>
        </test-method> <!-- beforeTest -->
        <test-method signature="Try()[pri:0, instance:TlinkedWithTestCaseII@120d6fe6]" started-at="2022-07-12T12:31:55 IST" name="Try" finished-at="2022-07-12T12:31:55 IST" duration-ms="9" status="PASS">
          <reporter-output>
          </reporter-output>
        </test-method> <!-- Try -->
        <test-method signature="AgainTry()[pri:0, instance:TlinkedWithTestCaseII@120d6fe6]" started-at="2022-07-12T12:31:55 IST" name="AgainTry" finished-at="2022-07-12T12:31:55 IST" duration-ms="3" status="PASS">
          <reporter-output>
          </reporter-output>
        </test-method> <!-- AgainTry -->
        <test-method is-config="true" signature="afterTest()[pri:0, instance:TlinkedWithTestCaseII@120d6fe6]" started-at="2022-07-12T12:31:55 IST" name="afterTest" finished-at="2022-07-12T12:31:55 IST" duration-ms="6" status="PASS">
          <reporter-output>
          </reporter-output>
        </test-method> <!-- afterTest -->
        <test-method is-config="true" signature="afterSuit()[pri:0, instance:TlinkedWithTestCaseII@120d6fe6]" started-at="2022-07-12T12:31:56 IST" name="afterSuit" finished-at="2022-07-12T12:31:56 IST" duration-ms="1" status="PASS">
          <reporter-output>
          </reporter-output>
        </test-method> <!-- afterSuit -->
      </class> <!-- TlinkedWithTestCaseII -->
      <class name="TestCaseII">
        <test-method is-config="true" signature="beforeClass()[pri:0, instance:TestCaseII@7fad8c79]" started-at="2022-07-12T12:31:55 IST" name="beforeClass" finished-at="2022-07-12T12:31:55 IST" duration-ms="2" status="PASS">
          <reporter-output>
          </reporter-output>
        </test-method> <!-- beforeClass -->
        <test-method is-config="true" signature="before()[pri:0, instance:TestCaseII@7fad8c79]" started-at="2022-07-12T12:31:55 IST" name="before" finished-at="2022-07-12T12:31:55 IST" duration-ms="4" status="PASS">
          <reporter-output>
          </reporter-output>
        </test-method> <!-- before -->
        <test-method signature="start()[pri:0, instance:TestCaseII@7fad8c79]" started-at="2022-07-12T12:31:55 IST" name="start" finished-at="2022-07-12T12:31:55 IST" duration-ms="2" status="PASS">
          <reporter-output>
          </reporter-output>
        </test-method> <!-- start -->
        <test-method is-config="true" signature="after()[pri:0, instance:TestCaseII@7fad8c79]" started-at="2022-07-12T12:31:55 IST" name="after" finished-at="2022-07-12T12:31:55 IST" duration-ms="7" status="PASS">
          <reporter-output>
          </reporter-output>
        </test-method> <!-- after -->
        <test-method is-config="true" signature="before()[pri:0, instance:TestCaseII@7fad8c79]" started-at="2022-07-12T12:31:55 IST" name="before" finished-at="2022-07-12T12:31:55 IST" duration-ms="1" status="PASS">
          <reporter-output>
          </reporter-output>
        </test-method> <!-- before -->
        <test-method signature="news()[pri:0, instance:TestCaseII@7fad8c79]" started-at="2022-07-12T12:31:55 IST" name="news" finished-at="2022-07-12T12:31:55 IST" duration-ms="1" status="PASS">
          <reporter-output>
          </reporter-output>
        </test-method> <!-- news -->
        <test-method is-config="true" signature="after()[pri:0, instance:TestCaseII@7fad8c79]" started-at="2022-07-12T12:31:55 IST" name="after" finished-at="2022-07-12T12:31:55 IST" duration-ms="2" status="PASS">
          <reporter-output>
          </reporter-output>
        </test-method> <!-- after -->
        <test-method is-config="true" signature="afterClass()[pri:0, instance:TestCaseII@7fad8c79]" started-at="2022-07-12T12:31:55 IST" name="afterClass" finished-at="2022-07-12T12:31:55 IST" duration-ms="1" status="PASS">
          <reporter-output>
          </reporter-output>
        </test-method> <!-- afterClass -->
      </class> <!-- TestCaseII -->
    </test> <!-- Annotations -->
  </suite> <!-- All Test Suite -->
</testng-results>
